This file contains any messages produced by compilers while
running configure, to aid debugging if configure makes a mistake.

It was created by Libvisual Library configure 0.5.0, which was
generated by GNU Autoconf 2.65.  Invocation command line was

  $ ./configure --prefix=/usr

## --------- ##
## Platform. ##
## --------- ##

hostname = boogiepalace
uname -m = i686
uname -r = 2.6.31.12
uname -s = Linux
uname -v = #1 SMP Sun Feb 28 01:57:10 CET 2010

/usr/bin/uname -p = Intel(R) Core(TM)2 CPU 6600 @ 2.40GHz
/bin/uname -X     = unknown

/bin/arch              = unknown
/usr/bin/arch -k       = unknown
/usr/convex/getsysinfo = unknown
/usr/bin/hostinfo      = unknown
/bin/machine           = unknown
/usr/bin/oslevel       = unknown
/bin/universe          = unknown

PATH: /storage/code/p800/epoc32/tools
PATH: /usr/local/er6/bin
PATH: /bin
PATH: /usr/bin
PATH: /opt/bin
PATH: /usr/i686-pc-linux-gnu/gcc-bin/4.3.4
PATH: /usr/qt/3/bin
PATH: /opt/opencascade-6.3/ros/Linux/bin/
PATH: /usr/lib/subversion/bin
PATH: /usr/games/bin
PATH: /var/spool/fax/bin


## ----------- ##
## Core tests. ##
## ----------- ##

configure:2762: checking for a BSD-compatible install
configure:2830: result: /usr/bin/install -c
configure:2841: checking whether build environment is sane
configure:2878: result: yes
configure:2908: checking for gawk
configure:2924: found /bin/gawk
configure:2935: result: gawk
configure:2946: checking whether make sets $(MAKE)
configure:2968: result: yes
configure:3158: checking build system type
configure:3172: result: i686-pc-linux-gnu
configure:3192: checking host system type
configure:3205: result: i686-pc-linux-gnu
configure:3279: checking for Win32
configure:3286: result: no
configure:3348: checking for g++
configure:3364: found /bin/g++
configure:3375: result: g++
configure:3402: checking for C++ compiler version
configure:3411: g++ --version >&5
g++ (Gentoo 4.3.4 p1.1, pie-10.1.5) 4.3.4
Copyright (C) 2008 Free Software Foundation, Inc.
This is free software; see the source for copying conditions.  There is NO
warranty; not even for MERCHANTABILITY or FITNESS FOR A PARTICULAR PURPOSE.

configure:3422: $? = 0
configure:3411: g++ -v >&5
Using built-in specs.
Target: i686-pc-linux-gnu
Configured with: /var/tmp/portage/sys-devel/gcc-4.3.4/work/gcc-4.3.4/configure --prefix=/usr --bindir=/usr/i686-pc-linux-gnu/gcc-bin/4.3.4 --includedir=/usr/lib/gcc/i686-pc-linux-gnu/4.3.4/include --datadir=/usr/share/gcc-data/i686-pc-linux-gnu/4.3.4 --mandir=/usr/share/gcc-data/i686-pc-linux-gnu/4.3.4/man --infodir=/usr/share/gcc-data/i686-pc-linux-gnu/4.3.4/info --with-gxx-include-dir=/usr/lib/gcc/i686-pc-linux-gnu/4.3.4/include/g++-v4 --host=i686-pc-linux-gnu --build=i686-pc-linux-gnu --disable-altivec --disable-fixed-point --enable-nls --without-included-gettext --with-system-zlib --disable-checking --disable-werror --enable-secureplt --disable-multilib --enable-libmudflap --disable-libssp --enable-libgomp --disable-libgcj --with-arch=i686 --enable-languages=c,c++,treelang,fortran --enable-shared --enable-threads=posix --enable-__cxa_atexit --enable-clocale=gnu --with-bugurl=http://bugs.gentoo.org/ --with-pkgversion='Gentoo 4.3.4 p1.1, pie-10.1.5'
Thread model: posix
gcc version 4.3.4 (Gentoo 4.3.4 p1.1, pie-10.1.5) 
configure:3422: $? = 0
configure:3411: g++ -V >&5
g++: '-V' option must have argument
configure:3422: $? = 1
configure:3411: g++ -qversion >&5
g++: unrecognized option '-qversion'
g++: no input files
configure:3422: $? = 1
configure:3442: checking whether the C++ compiler works
configure:3464: g++    conftest.cpp  >&5
configure:3468: $? = 0
configure:3517: result: yes
configure:3520: checking for C++ compiler default output file name
configure:3522: result: a.out
configure:3528: checking for suffix of executables
configure:3535: g++ -o conftest    conftest.cpp  >&5
configure:3539: $? = 0
configure:3561: result: 
configure:3583: checking whether we are cross compiling
configure:3591: g++ -o conftest    conftest.cpp  >&5
configure:3595: $? = 0
configure:3602: ./conftest
configure:3606: $? = 0
configure:3621: result: no
configure:3626: checking for suffix of object files
configure:3648: g++ -c   conftest.cpp >&5
configure:3652: $? = 0
configure:3673: result: o
configure:3677: checking whether we are using the GNU C++ compiler
configure:3696: g++ -c   conftest.cpp >&5
configure:3696: $? = 0
configure:3705: result: yes
configure:3714: checking whether g++ accepts -g
configure:3734: g++ -c -g  conftest.cpp >&5
configure:3734: $? = 0
configure:3775: result: yes
configure:3809: checking for style of include used by make
configure:3837: result: GNU
configure:3865: checking dependency style of g++
configure:3948: result: gcc3
configure:4013: checking for gcc
configure:4029: found /bin/gcc
configure:4040: result: gcc
configure:4269: checking for C compiler version
configure:4278: gcc --version >&5
gcc (Gentoo 4.3.4 p1.1, pie-10.1.5) 4.3.4
Copyright (C) 2008 Free Software Foundation, Inc.
This is free software; see the source for copying conditions.  There is NO
warranty; not even for MERCHANTABILITY or FITNESS FOR A PARTICULAR PURPOSE.

configure:4289: $? = 0
configure:4278: gcc -v >&5
Using built-in specs.
Target: i686-pc-linux-gnu
Configured with: /var/tmp/portage/sys-devel/gcc-4.3.4/work/gcc-4.3.4/configure --prefix=/usr --bindir=/usr/i686-pc-linux-gnu/gcc-bin/4.3.4 --includedir=/usr/lib/gcc/i686-pc-linux-gnu/4.3.4/include --datadir=/usr/share/gcc-data/i686-pc-linux-gnu/4.3.4 --mandir=/usr/share/gcc-data/i686-pc-linux-gnu/4.3.4/man --infodir=/usr/share/gcc-data/i686-pc-linux-gnu/4.3.4/info --with-gxx-include-dir=/usr/lib/gcc/i686-pc-linux-gnu/4.3.4/include/g++-v4 --host=i686-pc-linux-gnu --build=i686-pc-linux-gnu --disable-altivec --disable-fixed-point --enable-nls --without-included-gettext --with-system-zlib --disable-checking --disable-werror --enable-secureplt --disable-multilib --enable-libmudflap --disable-libssp --enable-libgomp --disable-libgcj --with-arch=i686 --enable-languages=c,c++,treelang,fortran --enable-shared --enable-threads=posix --enable-__cxa_atexit --enable-clocale=gnu --with-bugurl=http://bugs.gentoo.org/ --with-pkgversion='Gentoo 4.3.4 p1.1, pie-10.1.5'
Thread model: posix
gcc version 4.3.4 (Gentoo 4.3.4 p1.1, pie-10.1.5) 
configure:4289: $? = 0
configure:4278: gcc -V >&5
gcc: '-V' option must have argument
configure:4289: $? = 1
configure:4278: gcc -qversion >&5
gcc: unrecognized option '-qversion'
gcc: no input files
configure:4289: $? = 1
configure:4293: checking whether we are using the GNU C compiler
configure:4312: gcc -c   conftest.c >&5
configure:4312: $? = 0
configure:4321: result: yes
configure:4330: checking whether gcc accepts -g
configure:4350: gcc -c -g  conftest.c >&5
configure:4350: $? = 0
configure:4391: result: yes
configure:4408: checking for gcc option to accept ISO C89
configure:4472: gcc  -c -g -O2  conftest.c >&5
configure:4472: $? = 0
configure:4485: result: none needed
configure:4507: checking dependency style of gcc
configure:4590: result: gcc3
configure:4612: checking how to run the C preprocessor
configure:4643: gcc -E  conftest.c
configure:4643: $? = 0
configure:4657: gcc -E  conftest.c
conftest.c:11:28: error: ac_nonexistent.h: No such file or directory
configure:4657: $? = 1
configure: failed program was:
| /* confdefs.h */
| #define PACKAGE_NAME "Libvisual Library"
| #define PACKAGE_TARNAME "libvisual"
| #define PACKAGE_VERSION "0.5.0"
| #define PACKAGE_STRING "Libvisual Library 0.5.0"
| #define PACKAGE_BUGREPORT "synap@nerds-incorporated.org"
| #define PACKAGE_URL ""
| #define PACKAGE "libvisual"
| #define VERSION "0.5.0"
| /* end confdefs.h.  */
| #include <ac_nonexistent.h>
configure:4682: result: gcc -E
configure:4702: gcc -E  conftest.c
configure:4702: $? = 0
configure:4716: gcc -E  conftest.c
conftest.c:11:28: error: ac_nonexistent.h: No such file or directory
configure:4716: $? = 1
configure: failed program was:
| /* confdefs.h */
| #define PACKAGE_NAME "Libvisual Library"
| #define PACKAGE_TARNAME "libvisual"
| #define PACKAGE_VERSION "0.5.0"
| #define PACKAGE_STRING "Libvisual Library 0.5.0"
| #define PACKAGE_BUGREPORT "synap@nerds-incorporated.org"
| #define PACKAGE_URL ""
| #define PACKAGE "libvisual"
| #define VERSION "0.5.0"
| /* end confdefs.h.  */
| #include <ac_nonexistent.h>
configure:4745: checking whether ln -s works
configure:4749: result: yes
configure:4756: checking whether make sets $(MAKE)
configure:4778: result: yes
configure:5151: checking for a sed that does not truncate output
configure:5215: result: /bin/sed
configure:5233: checking for grep that handles long lines and -e
configure:5291: result: /bin/grep
configure:5296: checking for egrep
configure:5358: result: /bin/grep -E
configure:5363: checking for fgrep
configure:5425: result: /bin/grep -F
configure:5460: checking for ld used by gcc
configure:5527: result: /usr/i686-pc-linux-gnu/bin/ld
configure:5534: checking if the linker (/usr/i686-pc-linux-gnu/bin/ld) is GNU ld
configure:5549: result: yes
configure:5561: checking for BSD- or MS-compatible name lister (nm)
configure:5610: result: /usr/bin/nm -B
configure:5728: checking the name lister (/usr/bin/nm -B) interface
configure:5735: gcc -c -g -O2  conftest.c >&5
configure:5738: /usr/bin/nm -B "conftest.o"
configure:5741: output
00000000 B some_variable
configure:5748: result: BSD nm
configure:5752: checking the maximum length of command line arguments
configure:5872: result: 1572864
configure:5889: checking whether the shell understands some XSI constructs
configure:5899: result: yes
configure:5903: checking whether the shell understands "+="
configure:5909: result: yes
configure:5944: checking for /usr/i686-pc-linux-gnu/bin/ld option to reload object files
configure:5951: result: -r
configure:6020: checking for objdump
configure:6047: result: objdump
configure:6076: checking how to recognize dependent libraries
configure:6272: result: pass_all
configure:6332: checking for ar
configure:6348: found /usr/bin/ar
configure:6359: result: ar
configure:6437: checking for strip
configure:6453: found /usr/bin/strip
configure:6464: result: strip
configure:6536: checking for ranlib
configure:6552: found /usr/bin/ranlib
configure:6563: result: ranlib
configure:6653: checking command to parse /usr/bin/nm -B output from gcc object
configure:6771: gcc -c -g -O2  conftest.c >&5
configure:6774: $? = 0
configure:6778: /usr/bin/nm -B conftest.o \| sed -n -e 's/^.*[	 ]\([ABCDGIRSTW][ABCDGIRSTW]*\)[	 ][	 ]*\([_A-Za-z][_A-Za-z0-9]*\)$/\1 \2 \2/p' \> conftest.nm
configure:6781: $? = 0
configure:6835: gcc -o conftest -g -O2   conftest.c conftstm.o >&5
configure:6838: $? = 0
configure:6876: result: ok
configure:7681: checking for ANSI C header files
configure:7701: gcc -c -g -O2  conftest.c >&5
configure:7701: $? = 0
configure:7774: gcc -o conftest -g -O2   conftest.c  >&5
configure:7774: $? = 0
configure:7774: ./conftest
configure:7774: $? = 0
configure:7785: result: yes
configure:7798: checking for sys/types.h
configure:7798: gcc -c -g -O2  conftest.c >&5
configure:7798: $? = 0
configure:7798: result: yes
configure:7798: checking for sys/stat.h
configure:7798: gcc -c -g -O2  conftest.c >&5
configure:7798: $? = 0
configure:7798: result: yes
configure:7798: checking for stdlib.h
configure:7798: gcc -c -g -O2  conftest.c >&5
configure:7798: $? = 0
configure:7798: result: yes
configure:7798: checking for string.h
configure:7798: gcc -c -g -O2  conftest.c >&5
configure:7798: $? = 0
configure:7798: result: yes
configure:7798: checking for memory.h
configure:7798: gcc -c -g -O2  conftest.c >&5
configure:7798: $? = 0
configure:7798: result: yes
configure:7798: checking for strings.h
configure:7798: gcc -c -g -O2  conftest.c >&5
configure:7798: $? = 0
configure:7798: result: yes
configure:7798: checking for inttypes.h
configure:7798: gcc -c -g -O2  conftest.c >&5
configure:7798: $? = 0
configure:7798: result: yes
configure:7798: checking for stdint.h
configure:7798: gcc -c -g -O2  conftest.c >&5
configure:7798: $? = 0
configure:7798: result: yes
configure:7798: checking for unistd.h
configure:7798: gcc -c -g -O2  conftest.c >&5
configure:7798: $? = 0
configure:7798: result: yes
configure:7813: checking for dlfcn.h
configure:7813: gcc -c -g -O2  conftest.c >&5
configure:7813: $? = 0
configure:7813: result: yes
configure:7938: checking for C++ compiler version
configure:7947: g++ --version >&5
g++ (Gentoo 4.3.4 p1.1, pie-10.1.5) 4.3.4
Copyright (C) 2008 Free Software Foundation, Inc.
This is free software; see the source for copying conditions.  There is NO
warranty; not even for MERCHANTABILITY or FITNESS FOR A PARTICULAR PURPOSE.

configure:7958: $? = 0
configure:7947: g++ -v >&5
Using built-in specs.
Target: i686-pc-linux-gnu
Configured with: /var/tmp/portage/sys-devel/gcc-4.3.4/work/gcc-4.3.4/configure --prefix=/usr --bindir=/usr/i686-pc-linux-gnu/gcc-bin/4.3.4 --includedir=/usr/lib/gcc/i686-pc-linux-gnu/4.3.4/include --datadir=/usr/share/gcc-data/i686-pc-linux-gnu/4.3.4 --mandir=/usr/share/gcc-data/i686-pc-linux-gnu/4.3.4/man --infodir=/usr/share/gcc-data/i686-pc-linux-gnu/4.3.4/info --with-gxx-include-dir=/usr/lib/gcc/i686-pc-linux-gnu/4.3.4/include/g++-v4 --host=i686-pc-linux-gnu --build=i686-pc-linux-gnu --disable-altivec --disable-fixed-point --enable-nls --without-included-gettext --with-system-zlib --disable-checking --disable-werror --enable-secureplt --disable-multilib --enable-libmudflap --disable-libssp --enable-libgomp --disable-libgcj --with-arch=i686 --enable-languages=c,c++,treelang,fortran --enable-shared --enable-threads=posix --enable-__cxa_atexit --enable-clocale=gnu --with-bugurl=http://bugs.gentoo.org/ --with-pkgversion='Gentoo 4.3.4 p1.1, pie-10.1.5'
Thread model: posix
gcc version 4.3.4 (Gentoo 4.3.4 p1.1, pie-10.1.5) 
configure:7958: $? = 0
configure:7947: g++ -V >&5
g++: '-V' option must have argument
configure:7958: $? = 1
configure:7947: g++ -qversion >&5
g++: unrecognized option '-qversion'
g++: no input files
configure:7958: $? = 1
configure:7962: checking whether we are using the GNU C++ compiler
configure:7990: result: yes
configure:7999: checking whether g++ accepts -g
configure:8060: result: yes
configure:8085: checking dependency style of g++
configure:8168: result: gcc3
configure:8193: checking how to run the C++ preprocessor
configure:8220: g++ -E  conftest.cpp
configure:8220: $? = 0
configure:8234: g++ -E  conftest.cpp
conftest.cpp:22:28: error: ac_nonexistent.h: No such file or directory
configure:8234: $? = 1
configure: failed program was:
| /* confdefs.h */
| #define PACKAGE_NAME "Libvisual Library"
| #define PACKAGE_TARNAME "libvisual"
| #define PACKAGE_VERSION "0.5.0"
| #define PACKAGE_STRING "Libvisual Library 0.5.0"
| #define PACKAGE_BUGREPORT "synap@nerds-incorporated.org"
| #define PACKAGE_URL ""
| #define PACKAGE "libvisual"
| #define VERSION "0.5.0"
| #define STDC_HEADERS 1
| #define HAVE_SYS_TYPES_H 1
| #define HAVE_SYS_STAT_H 1
| #define HAVE_STDLIB_H 1
| #define HAVE_STRING_H 1
| #define HAVE_MEMORY_H 1
| #define HAVE_STRINGS_H 1
| #define HAVE_INTTYPES_H 1
| #define HAVE_STDINT_H 1
| #define HAVE_UNISTD_H 1
| #define HAVE_DLFCN_H 1
| /* end confdefs.h.  */
| #include <ac_nonexistent.h>
configure:8259: result: g++ -E
configure:8279: g++ -E  conftest.cpp
configure:8279: $? = 0
configure:8293: g++ -E  conftest.cpp
conftest.cpp:22:28: error: ac_nonexistent.h: No such file or directory
configure:8293: $? = 1
configure: failed program was:
| /* confdefs.h */
| #define PACKAGE_NAME "Libvisual Library"
| #define PACKAGE_TARNAME "libvisual"
| #define PACKAGE_VERSION "0.5.0"
| #define PACKAGE_STRING "Libvisual Library 0.5.0"
| #define PACKAGE_BUGREPORT "synap@nerds-incorporated.org"
| #define PACKAGE_URL ""
| #define PACKAGE "libvisual"
| #define VERSION "0.5.0"
| #define STDC_HEADERS 1
| #define HAVE_SYS_TYPES_H 1
| #define HAVE_SYS_STAT_H 1
| #define HAVE_STDLIB_H 1
| #define HAVE_STRING_H 1
| #define HAVE_MEMORY_H 1
| #define HAVE_STRINGS_H 1
| #define HAVE_INTTYPES_H 1
| #define HAVE_STDINT_H 1
| #define HAVE_UNISTD_H 1
| #define HAVE_DLFCN_H 1
| /* end confdefs.h.  */
| #include <ac_nonexistent.h>
configure:8465: checking for objdir
configure:8480: result: .libs
configure:8772: checking if gcc supports -fno-rtti -fno-exceptions
configure:8790: gcc -c -g -O2  -fno-rtti -fno-exceptions conftest.c >&5
cc1: warning: command line option "-fno-rtti" is valid for C++/ObjC++ but not for C
configure:8794: $? = 0
configure:8807: result: no
configure:8827: checking for gcc option to produce PIC
configure:9099: result: -fPIC -DPIC
configure:9111: checking if gcc PIC flag -fPIC -DPIC works
configure:9129: gcc -c -g -O2  -fPIC -DPIC -DPIC conftest.c >&5
configure:9133: $? = 0
configure:9146: result: yes
configure:9170: checking if gcc static flag -static works
configure:9198: result: yes
configure:9213: checking if gcc supports -c -o file.o
configure:9234: gcc -c -g -O2  -o out/conftest2.o conftest.c >&5
configure:9238: $? = 0
configure:9260: result: yes
configure:9268: checking if gcc supports -c -o file.o
configure:9315: result: yes
configure:9348: checking whether the gcc linker (/usr/i686-pc-linux-gnu/bin/ld) supports shared libraries
configure:10334: result: yes
configure:10371: checking whether -lc should be explicitly linked in
configure:10376: gcc -c -g -O2  conftest.c >&5
configure:10379: $? = 0
configure:10394: gcc -shared conftest.o  -v -Wl,-soname -Wl,conftest -o conftest 2\>\&1 \| /bin/grep  -lc  \>/dev/null 2\>\&1
configure:10397: $? = 0
configure:10409: result: no
configure:10573: checking dynamic linker characteristics
configure:11019: gcc -o conftest -g -O2   -Wl,-rpath -Wl,/foo conftest.c  >&5
configure:11019: $? = 0
configure:11237: result: GNU/Linux ld.so
configure:11339: checking how to hardcode library paths into programs
configure:11364: result: immediate
configure:11458: checking for shl_load
configure:11458: gcc -o conftest -g -O2   conftest.c  >&5
/tmp/ccfcZdFl.o: In function `main':
/storage/code/libvisual/trunk/libvisual/conftest.c:57: undefined reference to `shl_load'
collect2: ld returned 1 exit status
configure:11458: $? = 1
configure: failed program was:
| /* confdefs.h */
| #define PACKAGE_NAME "Libvisual Library"
| #define PACKAGE_TARNAME "libvisual"
| #define PACKAGE_VERSION "0.5.0"
| #define PACKAGE_STRING "Libvisual Library 0.5.0"
| #define PACKAGE_BUGREPORT "synap@nerds-incorporated.org"
| #define PACKAGE_URL ""
| #define PACKAGE "libvisual"
| #define VERSION "0.5.0"
| #define STDC_HEADERS 1
| #define HAVE_SYS_TYPES_H 1
| #define HAVE_SYS_STAT_H 1
| #define HAVE_STDLIB_H 1
| #define HAVE_STRING_H 1
| #define HAVE_MEMORY_H 1
| #define HAVE_STRINGS_H 1
| #define HAVE_INTTYPES_H 1
| #define HAVE_STDINT_H 1
| #define HAVE_UNISTD_H 1
| #define HAVE_DLFCN_H 1
| #define LT_OBJDIR ".libs/"
| /* end confdefs.h.  */
| /* Define shl_load to an innocuous variant, in case <limits.h> declares shl_load.
|    For example, HP-UX 11i <limits.h> declares gettimeofday.  */
| #define shl_load innocuous_shl_load
| 
| /* System header to define __stub macros and hopefully few prototypes,
|     which can conflict with char shl_load (); below.
|     Prefer <limits.h> to <assert.h> if __STDC__ is defined, since
|     <limits.h> exists even on freestanding compilers.  */
| 
| #ifdef __STDC__
| # include <limits.h>
| #else
| # include <assert.h>
| #endif
| 
| #undef shl_load
| 
| /* Override any GCC internal prototype to avoid an error.
|    Use char because int might match the return type of a GCC
|    builtin and then its argument prototype would still apply.  */
| #ifdef __cplusplus
| extern "C"
| #endif
| char shl_load ();
| /* The GNU C library defines this for functions which it implements
|     to always fail with ENOSYS.  Some functions are actually named
|     something starting with __ and the normal name is an alias.  */
| #if defined __stub_shl_load || defined __stub___shl_load
| choke me
| #endif
| 
| int
| main ()
| {
| return shl_load ();
|   ;
|   return 0;
| }
configure:11458: result: no
configure:11462: checking for shl_load in -ldld
configure:11487: gcc -o conftest -g -O2   conftest.c -ldld   >&5
/usr/lib/gcc/i686-pc-linux-gnu/4.3.4/../../../../i686-pc-linux-gnu/bin/ld: cannot find -ldld
collect2: ld returned 1 exit status
configure:11487: $? = 1
configure: failed program was:
| /* confdefs.h */
| #define PACKAGE_NAME "Libvisual Library"
| #define PACKAGE_TARNAME "libvisual"
| #define PACKAGE_VERSION "0.5.0"
| #define PACKAGE_STRING "Libvisual Library 0.5.0"
| #define PACKAGE_BUGREPORT "synap@nerds-incorporated.org"
| #define PACKAGE_URL ""
| #define PACKAGE "libvisual"
| #define VERSION "0.5.0"
| #define STDC_HEADERS 1
| #define HAVE_SYS_TYPES_H 1
| #define HAVE_SYS_STAT_H 1
| #define HAVE_STDLIB_H 1
| #define HAVE_STRING_H 1
| #define HAVE_MEMORY_H 1
| #define HAVE_STRINGS_H 1
| #define HAVE_INTTYPES_H 1
| #define HAVE_STDINT_H 1
| #define HAVE_UNISTD_H 1
| #define HAVE_DLFCN_H 1
| #define LT_OBJDIR ".libs/"
| /* end confdefs.h.  */
| 
| /* Override any GCC internal prototype to avoid an error.
|    Use char because int might match the return type of a GCC
|    builtin and then its argument prototype would still apply.  */
| #ifdef __cplusplus
| extern "C"
| #endif
| char shl_load ();
| int
| main ()
| {
| return shl_load ();
|   ;
|   return 0;
| }
configure:11496: result: no
configure:11501: checking for dlopen
configure:11501: gcc -o conftest -g -O2   conftest.c  >&5
/tmp/cckN2V5D.o: In function `main':
/storage/code/libvisual/trunk/libvisual/conftest.c:57: undefined reference to `dlopen'
collect2: ld returned 1 exit status
configure:11501: $? = 1
configure: failed program was:
| /* confdefs.h */
| #define PACKAGE_NAME "Libvisual Library"
| #define PACKAGE_TARNAME "libvisual"
| #define PACKAGE_VERSION "0.5.0"
| #define PACKAGE_STRING "Libvisual Library 0.5.0"
| #define PACKAGE_BUGREPORT "synap@nerds-incorporated.org"
| #define PACKAGE_URL ""
| #define PACKAGE "libvisual"
| #define VERSION "0.5.0"
| #define STDC_HEADERS 1
| #define HAVE_SYS_TYPES_H 1
| #define HAVE_SYS_STAT_H 1
| #define HAVE_STDLIB_H 1
| #define HAVE_STRING_H 1
| #define HAVE_MEMORY_H 1
| #define HAVE_STRINGS_H 1
| #define HAVE_INTTYPES_H 1
| #define HAVE_STDINT_H 1
| #define HAVE_UNISTD_H 1
| #define HAVE_DLFCN_H 1
| #define LT_OBJDIR ".libs/"
| /* end confdefs.h.  */
| /* Define dlopen to an innocuous variant, in case <limits.h> declares dlopen.
|    For example, HP-UX 11i <limits.h> declares gettimeofday.  */
| #define dlopen innocuous_dlopen
| 
| /* System header to define __stub macros and hopefully few prototypes,
|     which can conflict with char dlopen (); below.
|     Prefer <limits.h> to <assert.h> if __STDC__ is defined, since
|     <limits.h> exists even on freestanding compilers.  */
| 
| #ifdef __STDC__
| # include <limits.h>
| #else
| # include <assert.h>
| #endif
| 
| #undef dlopen
| 
| /* Override any GCC internal prototype to avoid an error.
|    Use char because int might match the return type of a GCC
|    builtin and then its argument prototype would still apply.  */
| #ifdef __cplusplus
| extern "C"
| #endif
| char dlopen ();
| /* The GNU C library defines this for functions which it implements
|     to always fail with ENOSYS.  Some functions are actually named
|     something starting with __ and the normal name is an alias.  */
| #if defined __stub_dlopen || defined __stub___dlopen
| choke me
| #endif
| 
| int
| main ()
| {
| return dlopen ();
|   ;
|   return 0;
| }
configure:11501: result: no
configure:11505: checking for dlopen in -ldl
configure:11530: gcc -o conftest -g -O2   conftest.c -ldl   >&5
configure:11530: $? = 0
configure:11539: result: yes
configure:11658: checking whether a program can dlopen itself
configure:11728: gcc -o conftest -g -O2  -DHAVE_DLFCN_H  -Wl,--export-dynamic conftest.c -ldl  >&5
configure:11731: $? = 0
configure:11749: result: yes
configure:11754: checking whether a statically linked program can dlopen itself
configure:11824: gcc -o conftest -g -O2  -DHAVE_DLFCN_H  -Wl,--export-dynamic -static conftest.c -ldl  >&5
/tmp/cc4e27ng.o: In function `main':
/storage/code/libvisual/trunk/libvisual/configure:11808: warning: Using 'dlopen' in statically linked applications requires at runtime the shared libraries from the glibc version used for linking
configure:11827: $? = 0
/lib/: cannot read file data: Is a directory
configure:11845: result: no
configure:11884: checking whether stripping libraries is possible
configure:11889: result: yes
configure:11924: checking if libtool supports shared libraries
configure:11926: result: yes
configure:11929: checking whether to build shared libraries
configure:11950: result: yes
configure:11953: checking whether to build static libraries
configure:11957: result: no
configure:12107: checking for ld used by g++
configure:12174: result: /usr/i686-pc-linux-gnu/bin/ld
configure:12181: checking if the linker (/usr/i686-pc-linux-gnu/bin/ld) is GNU ld
configure:12196: result: yes
configure:12251: checking whether the g++ linker (/usr/i686-pc-linux-gnu/bin/ld) supports shared libraries
configure:13164: result: yes
configure:13192: g++ -c -g -O2  conftest.cpp >&5
configure:13195: $? = 0
configure:13377: checking for g++ option to produce PIC
configure:13694: result: -fPIC -DPIC
configure:13703: checking if g++ PIC flag -fPIC -DPIC works
configure:13721: g++ -c -g -O2  -fPIC -DPIC -DPIC conftest.cpp >&5
configure:13725: $? = 0
configure:13738: result: yes
configure:13759: checking if g++ static flag -static works
configure:13787: result: yes
configure:13799: checking if g++ supports -c -o file.o
configure:13820: g++ -c -g -O2  -o out/conftest2.o conftest.cpp >&5
configure:13824: $? = 0
configure:13846: result: yes
configure:13851: checking if g++ supports -c -o file.o
configure:13898: result: yes
configure:13928: checking whether the g++ linker (/usr/i686-pc-linux-gnu/bin/ld) supports shared libraries
configure:13954: result: yes
configure:14091: checking dynamic linker characteristics
configure:14485: g++ -o conftest -g -O2   -Wl,-rpath -Wl,/foo conftest.cpp  >&5
configure:14485: $? = 0
configure:14703: result: GNU/Linux ld.so
configure:14754: checking how to hardcode library paths into programs
configure:14779: result: immediate
configure:14840: checking for pkg-config
configure:14858: found /usr/bin/pkg-config
configure:14871: result: /usr/bin/pkg-config
configure:14896: checking for dirent.h that defines DIR
configure:14915: gcc -c -g -O2  conftest.c >&5
configure:14915: $? = 0
configure:14923: result: yes
configure:14937: checking for library containing opendir
configure:14968: gcc -o conftest -g -O2   conftest.c  >&5
configure:14968: $? = 0
configure:14985: result: none required
configure:15052: checking for ANSI C header files
configure:15156: result: yes
configure:15167: checking fcntl.h usability
configure:15167: gcc -c -g -O2  conftest.c >&5
configure:15167: $? = 0
configure:15167: result: yes
configure:15167: checking fcntl.h presence
configure:15167: gcc -E  conftest.c
configure:15167: $? = 0
configure:15167: result: yes
configure:15167: checking for fcntl.h
configure:15167: result: yes
configure:15167: checking for sys/types.h
configure:15167: result: yes
configure:15167: checking for stdlib.h
configure:15167: result: yes
configure:15167: checking for string.h
configure:15167: result: yes
configure:15167: checking sys/time.h usability
configure:15167: gcc -c -g -O2  conftest.c >&5
configure:15167: $? = 0
configure:15167: result: yes
configure:15167: checking sys/time.h presence
configure:15167: gcc -E  conftest.c
configure:15167: $? = 0
configure:15167: result: yes
configure:15167: checking for sys/time.h
configure:15167: result: yes
configure:15167: checking for unistd.h
configure:15167: result: yes
configure:15167: checking sched.h usability
configure:15167: gcc -c -g -O2  conftest.c >&5
configure:15167: $? = 0
configure:15167: result: yes
configure:15167: checking sched.h presence
configure:15167: gcc -E  conftest.c
configure:15167: $? = 0
configure:15167: result: yes
configure:15167: checking for sched.h
configure:15167: result: yes
configure:15167: checking sys/sched.h usability
configure:15167: gcc -c -g -O2  conftest.c >&5
conftest.c:65:23: error: sys/sched.h: No such file or directory
configure:15167: $? = 1
configure: failed program was:
| /* confdefs.h */
| #define PACKAGE_NAME "Libvisual Library"
| #define PACKAGE_TARNAME "libvisual"
| #define PACKAGE_VERSION "0.5.0"
| #define PACKAGE_STRING "Libvisual Library 0.5.0"
| #define PACKAGE_BUGREPORT "synap@nerds-incorporated.org"
| #define PACKAGE_URL ""
| #define PACKAGE "libvisual"
| #define VERSION "0.5.0"
| #define STDC_HEADERS 1
| #define HAVE_SYS_TYPES_H 1
| #define HAVE_SYS_STAT_H 1
| #define HAVE_STDLIB_H 1
| #define HAVE_STRING_H 1
| #define HAVE_MEMORY_H 1
| #define HAVE_STRINGS_H 1
| #define HAVE_INTTYPES_H 1
| #define HAVE_STDINT_H 1
| #define HAVE_UNISTD_H 1
| #define HAVE_DLFCN_H 1
| #define LT_OBJDIR ".libs/"
| #define HAVE_DIRENT_H 1
| #define STDC_HEADERS 1
| #define HAVE_FCNTL_H 1
| #define HAVE_SYS_TYPES_H 1
| #define HAVE_STDLIB_H 1
| #define HAVE_STRING_H 1
| #define HAVE_SYS_TIME_H 1
| #define HAVE_UNISTD_H 1
| #define HAVE_SCHED_H 1
| /* end confdefs.h.  */
| #include <stdio.h>
| #ifdef HAVE_SYS_TYPES_H
| # include <sys/types.h>
| #endif
| #ifdef HAVE_SYS_STAT_H
| # include <sys/stat.h>
| #endif
| #ifdef STDC_HEADERS
| # include <stdlib.h>
| # include <stddef.h>
| #else
| # ifdef HAVE_STDLIB_H
| #  include <stdlib.h>
| # endif
| #endif
| #ifdef HAVE_STRING_H
| # if !defined STDC_HEADERS && defined HAVE_MEMORY_H
| #  include <memory.h>
| # endif
| # include <string.h>
| #endif
| #ifdef HAVE_STRINGS_H
| # include <strings.h>
| #endif
| #ifdef HAVE_INTTYPES_H
| # include <inttypes.h>
| #endif
| #ifdef HAVE_STDINT_H
| # include <stdint.h>
| #endif
| #ifdef HAVE_UNISTD_H
| # include <unistd.h>
| #endif
| #include <sys/sched.h>
configure:15167: result: no
configure:15167: checking sys/sched.h presence
configure:15167: gcc -E  conftest.c
conftest.c:32:23: error: sys/sched.h: No such file or directory
configure:15167: $? = 1
configure: failed program was:
| /* confdefs.h */
| #define PACKAGE_NAME "Libvisual Library"
| #define PACKAGE_TARNAME "libvisual"
| #define PACKAGE_VERSION "0.5.0"
| #define PACKAGE_STRING "Libvisual Library 0.5.0"
| #define PACKAGE_BUGREPORT "synap@nerds-incorporated.org"
| #define PACKAGE_URL ""
| #define PACKAGE "libvisual"
| #define VERSION "0.5.0"
| #define STDC_HEADERS 1
| #define HAVE_SYS_TYPES_H 1
| #define HAVE_SYS_STAT_H 1
| #define HAVE_STDLIB_H 1
| #define HAVE_STRING_H 1
| #define HAVE_MEMORY_H 1
| #define HAVE_STRINGS_H 1
| #define HAVE_INTTYPES_H 1
| #define HAVE_STDINT_H 1
| #define HAVE_UNISTD_H 1
| #define HAVE_DLFCN_H 1
| #define LT_OBJDIR ".libs/"
| #define HAVE_DIRENT_H 1
| #define STDC_HEADERS 1
| #define HAVE_FCNTL_H 1
| #define HAVE_SYS_TYPES_H 1
| #define HAVE_STDLIB_H 1
| #define HAVE_STRING_H 1
| #define HAVE_SYS_TIME_H 1
| #define HAVE_UNISTD_H 1
| #define HAVE_SCHED_H 1
| /* end confdefs.h.  */
| #include <sys/sched.h>
configure:15167: result: no
configure:15167: checking for sys/sched.h
configure:15167: result: no
configure:15180: checking for an ANSI C-conforming const
configure:15245: gcc -c -g -O2  conftest.c >&5
configure:15245: $? = 0
configure:15252: result: yes
configure:15260: checking for inline
configure:15276: gcc -c -g -O2  conftest.c >&5
configure:15276: $? = 0
configure:15284: result: inline
configure:15302: checking for size_t
configure:15302: gcc -c -g -O2  conftest.c >&5
configure:15302: $? = 0
configure:15302: gcc -c -g -O2  conftest.c >&5
conftest.c: In function 'main':
conftest.c:68: error: expected expression before ')' token
configure:15302: $? = 1
configure: failed program was:
| /* confdefs.h */
| #define PACKAGE_NAME "Libvisual Library"
| #define PACKAGE_TARNAME "libvisual"
| #define PACKAGE_VERSION "0.5.0"
| #define PACKAGE_STRING "Libvisual Library 0.5.0"
| #define PACKAGE_BUGREPORT "synap@nerds-incorporated.org"
| #define PACKAGE_URL ""
| #define PACKAGE "libvisual"
| #define VERSION "0.5.0"
| #define STDC_HEADERS 1
| #define HAVE_SYS_TYPES_H 1
| #define HAVE_SYS_STAT_H 1
| #define HAVE_STDLIB_H 1
| #define HAVE_STRING_H 1
| #define HAVE_MEMORY_H 1
| #define HAVE_STRINGS_H 1
| #define HAVE_INTTYPES_H 1
| #define HAVE_STDINT_H 1
| #define HAVE_UNISTD_H 1
| #define HAVE_DLFCN_H 1
| #define LT_OBJDIR ".libs/"
| #define HAVE_DIRENT_H 1
| #define STDC_HEADERS 1
| #define HAVE_FCNTL_H 1
| #define HAVE_SYS_TYPES_H 1
| #define HAVE_STDLIB_H 1
| #define HAVE_STRING_H 1
| #define HAVE_SYS_TIME_H 1
| #define HAVE_UNISTD_H 1
| #define HAVE_SCHED_H 1
| /* end confdefs.h.  */
| #include <stdio.h>
| #ifdef HAVE_SYS_TYPES_H
| # include <sys/types.h>
| #endif
| #ifdef HAVE_SYS_STAT_H
| # include <sys/stat.h>
| #endif
| #ifdef STDC_HEADERS
| # include <stdlib.h>
| # include <stddef.h>
| #else
| # ifdef HAVE_STDLIB_H
| #  include <stdlib.h>
| # endif
| #endif
| #ifdef HAVE_STRING_H
| # if !defined STDC_HEADERS && defined HAVE_MEMORY_H
| #  include <memory.h>
| # endif
| # include <string.h>
| #endif
| #ifdef HAVE_STRINGS_H
| # include <strings.h>
| #endif
| #ifdef HAVE_INTTYPES_H
| # include <inttypes.h>
| #endif
| #ifdef HAVE_STDINT_H
| # include <stdint.h>
| #endif
| #ifdef HAVE_UNISTD_H
| # include <unistd.h>
| #endif
| int
| main ()
| {
| if (sizeof ((size_t)))
| 	    return 0;
|   ;
|   return 0;
| }
configure:15302: result: yes
configure:15313: checking whether time.h and sys/time.h may both be included
configure:15333: gcc -c -g -O2  conftest.c >&5
configure:15333: $? = 0
configure:15340: result: yes
configure:15349: checking for ISO C99 varargs macros in C
configure:15366: gcc -c -g -O2  conftest.c >&5
configure:15366: $? = 0
configure:15372: result: yes
configure:15375: checking for GNUC varargs macros
configure:15392: gcc -c -g -O2  conftest.c >&5
configure:15392: $? = 0
configure:15398: result: yes
configure:15401: checking whether byte ordering is bigendian
configure:15416: gcc -c -g -O2  conftest.c >&5
conftest.c:34: error: expected '=', ',', ';', 'asm' or '__attribute__' before 'a'
configure:15416: $? = 1
configure: failed program was:
| /* confdefs.h */
| #define PACKAGE_NAME "Libvisual Library"
| #define PACKAGE_TARNAME "libvisual"
| #define PACKAGE_VERSION "0.5.0"
| #define PACKAGE_STRING "Libvisual Library 0.5.0"
| #define PACKAGE_BUGREPORT "synap@nerds-incorporated.org"
| #define PACKAGE_URL ""
| #define PACKAGE "libvisual"
| #define VERSION "0.5.0"
| #define STDC_HEADERS 1
| #define HAVE_SYS_TYPES_H 1
| #define HAVE_SYS_STAT_H 1
| #define HAVE_STDLIB_H 1
| #define HAVE_STRING_H 1
| #define HAVE_MEMORY_H 1
| #define HAVE_STRINGS_H 1
| #define HAVE_INTTYPES_H 1
| #define HAVE_STDINT_H 1
| #define HAVE_UNISTD_H 1
| #define HAVE_DLFCN_H 1
| #define LT_OBJDIR ".libs/"
| #define HAVE_DIRENT_H 1
| #define STDC_HEADERS 1
| #define HAVE_FCNTL_H 1
| #define HAVE_SYS_TYPES_H 1
| #define HAVE_STDLIB_H 1
| #define HAVE_STRING_H 1
| #define HAVE_SYS_TIME_H 1
| #define HAVE_UNISTD_H 1
| #define HAVE_SCHED_H 1
| #define TIME_WITH_SYS_TIME 1
| /* end confdefs.h.  */
| #ifndef __APPLE_CC__
| 	       not a universal capable compiler
| 	     #endif
| 	     typedef int dummy;
| 
configure:15461: gcc -c -g -O2  conftest.c >&5
configure:15461: $? = 0
configure:15479: gcc -c -g -O2  conftest.c >&5
conftest.c: In function 'main':
conftest.c:40: error: 'not' undeclared (first use in this function)
conftest.c:40: error: (Each undeclared identifier is reported only once
conftest.c:40: error: for each function it appears in.)
conftest.c:40: error: expected ';' before 'big'
configure:15479: $? = 1
configure: failed program was:
| /* confdefs.h */
| #define PACKAGE_NAME "Libvisual Library"
| #define PACKAGE_TARNAME "libvisual"
| #define PACKAGE_VERSION "0.5.0"
| #define PACKAGE_STRING "Libvisual Library 0.5.0"
| #define PACKAGE_BUGREPORT "synap@nerds-incorporated.org"
| #define PACKAGE_URL ""
| #define PACKAGE "libvisual"
| #define VERSION "0.5.0"
| #define STDC_HEADERS 1
| #define HAVE_SYS_TYPES_H 1
| #define HAVE_SYS_STAT_H 1
| #define HAVE_STDLIB_H 1
| #define HAVE_STRING_H 1
| #define HAVE_MEMORY_H 1
| #define HAVE_STRINGS_H 1
| #define HAVE_INTTYPES_H 1
| #define HAVE_STDINT_H 1
| #define HAVE_UNISTD_H 1
| #define HAVE_DLFCN_H 1
| #define LT_OBJDIR ".libs/"
| #define HAVE_DIRENT_H 1
| #define STDC_HEADERS 1
| #define HAVE_FCNTL_H 1
| #define HAVE_SYS_TYPES_H 1
| #define HAVE_STDLIB_H 1
| #define HAVE_STRING_H 1
| #define HAVE_SYS_TIME_H 1
| #define HAVE_UNISTD_H 1
| #define HAVE_SCHED_H 1
| #define TIME_WITH_SYS_TIME 1
| /* end confdefs.h.  */
| #include <sys/types.h>
| 		#include <sys/param.h>
| 
| int
| main ()
| {
| #if BYTE_ORDER != BIG_ENDIAN
| 		 not big endian
| 		#endif
| 
|   ;
|   return 0;
| }
configure:15607: result: no
configure:15628: checking for stdlib.h
configure:15628: result: yes
configure:15638: checking for GNU libc compatible malloc
configure:15662: gcc -o conftest -g -O2   conftest.c  >&5
configure:15662: $? = 0
configure:15662: ./conftest
configure:15662: $? = 0
configure:15672: result: yes
configure:15695: checking for stdlib.h
configure:15695: result: yes
configure:15705: checking for GNU libc compatible realloc
configure:15729: gcc -o conftest -g -O2   conftest.c  >&5
configure:15729: $? = 0
configure:15729: ./conftest
configure:15729: $? = 0
configure:15739: result: yes
configure:15763: checking sys/select.h usability
configure:15763: gcc -c -g -O2  conftest.c >&5
configure:15763: $? = 0
configure:15763: result: yes
configure:15763: checking sys/select.h presence
configure:15763: gcc -E  conftest.c
configure:15763: $? = 0
configure:15763: result: yes
configure:15763: checking for sys/select.h
configure:15763: result: yes
configure:15763: checking sys/socket.h usability
configure:15763: gcc -c -g -O2  conftest.c >&5
configure:15763: $? = 0
configure:15763: result: yes
configure:15763: checking sys/socket.h presence
configure:15763: gcc -E  conftest.c
configure:15763: $? = 0
configure:15763: result: yes
configure:15763: checking for sys/socket.h
configure:15763: result: yes
configure:15774: checking types of arguments for select
configure:15802: gcc -c -g -O2  conftest.c >&5
configure:15802: $? = 0
configure:15813: result: int,fd_set *,struct timeval *
configure:15839: checking for gettimeofday
configure:15839: gcc -o conftest -g -O2   conftest.c  >&5
configure:15839: $? = 0
configure:15839: result: yes
configure:15839: checking for usleep
configure:15839: gcc -o conftest -g -O2   conftest.c  >&5
configure:15839: $? = 0
configure:15839: result: yes
configure:15839: checking for nanosleep
configure:15839: gcc -o conftest -g -O2   conftest.c  >&5
configure:15839: $? = 0
configure:15839: result: yes
configure:15839: checking for select
configure:15839: gcc -o conftest -g -O2   conftest.c  >&5
configure:15839: $? = 0
configure:15839: result: yes
configure:15839: checking for memset
configure:15839: gcc -o conftest -g -O2   conftest.c  >&5
conftest.c:69: warning: conflicting types for built-in function 'memset'
configure:15839: $? = 0
configure:15839: result: yes
configure:15839: checking for sqrt
configure:15839: gcc -o conftest -g -O2   conftest.c  >&5
conftest.c:70: warning: conflicting types for built-in function 'sqrt'
/tmp/cciK5pX6.o: In function `main':
/storage/code/libvisual/trunk/libvisual/conftest.c:81: undefined reference to `sqrt'
collect2: ld returned 1 exit status
configure:15839: $? = 1
configure: failed program was:
| /* confdefs.h */
| #define PACKAGE_NAME "Libvisual Library"
| #define PACKAGE_TARNAME "libvisual"
| #define PACKAGE_VERSION "0.5.0"
| #define PACKAGE_STRING "Libvisual Library 0.5.0"
| #define PACKAGE_BUGREPORT "synap@nerds-incorporated.org"
| #define PACKAGE_URL ""
| #define PACKAGE "libvisual"
| #define VERSION "0.5.0"
| #define STDC_HEADERS 1
| #define HAVE_SYS_TYPES_H 1
| #define HAVE_SYS_STAT_H 1
| #define HAVE_STDLIB_H 1
| #define HAVE_STRING_H 1
| #define HAVE_MEMORY_H 1
| #define HAVE_STRINGS_H 1
| #define HAVE_INTTYPES_H 1
| #define HAVE_STDINT_H 1
| #define HAVE_UNISTD_H 1
| #define HAVE_DLFCN_H 1
| #define LT_OBJDIR ".libs/"
| #define HAVE_DIRENT_H 1
| #define STDC_HEADERS 1
| #define HAVE_FCNTL_H 1
| #define HAVE_SYS_TYPES_H 1
| #define HAVE_STDLIB_H 1
| #define HAVE_STRING_H 1
| #define HAVE_SYS_TIME_H 1
| #define HAVE_UNISTD_H 1
| #define HAVE_SCHED_H 1
| #define TIME_WITH_SYS_TIME 1
| #define HAVE_STDLIB_H 1
| #define HAVE_MALLOC 1
| #define HAVE_STDLIB_H 1
| #define HAVE_REALLOC 1
| #define HAVE_SYS_SELECT_H 1
| #define HAVE_SYS_SOCKET_H 1
| #define SELECT_TYPE_ARG1 int
| #define SELECT_TYPE_ARG234 (fd_set *)
| #define SELECT_TYPE_ARG5 (struct timeval *)
| #define HAVE_GETTIMEOFDAY 1
| #define HAVE_USLEEP 1
| #define HAVE_NANOSLEEP 1
| #define HAVE_SELECT 1
| #define HAVE_MEMSET 1
| /* end confdefs.h.  */
| /* Define sqrt to an innocuous variant, in case <limits.h> declares sqrt.
|    For example, HP-UX 11i <limits.h> declares gettimeofday.  */
| #define sqrt innocuous_sqrt
| 
| /* System header to define __stub macros and hopefully few prototypes,
|     which can conflict with char sqrt (); below.
|     Prefer <limits.h> to <assert.h> if __STDC__ is defined, since
|     <limits.h> exists even on freestanding compilers.  */
| 
| #ifdef __STDC__
| # include <limits.h>
| #else
| # include <assert.h>
| #endif
| 
| #undef sqrt
| 
| /* Override any GCC internal prototype to avoid an error.
|    Use char because int might match the return type of a GCC
|    builtin and then its argument prototype would still apply.  */
| #ifdef __cplusplus
| extern "C"
| #endif
| char sqrt ();
| /* The GNU C library defines this for functions which it implements
|     to always fail with ENOSYS.  Some functions are actually named
|     something starting with __ and the normal name is an alias.  */
| #if defined __stub_sqrt || defined __stub___sqrt
| choke me
| #endif
| 
| int
| main ()
| {
| return sqrt ();
|   ;
|   return 0;
| }
configure:15839: result: no
configure:15839: checking for strdup
configure:15839: gcc -o conftest -g -O2   conftest.c  >&5
conftest.c:70: warning: conflicting types for built-in function 'strdup'
configure:15839: $? = 0
configure:15839: result: yes
configure:15839: checking for strndup
configure:15839: gcc -o conftest -g -O2   conftest.c  >&5
conftest.c:71: warning: conflicting types for built-in function 'strndup'
configure:15839: $? = 0
configure:15839: result: yes
configure:15839: checking for sysconf
configure:15839: gcc -o conftest -g -O2   conftest.c  >&5
configure:15839: $? = 0
configure:15839: result: yes
configure:15850: checking for dlsym in -ldl
configure:15875: gcc -o conftest -g -O2   conftest.c -ldl   >&5
configure:15875: $? = 0
configure:15884: result: yes
configure:15893: checking for sqrt in -lm
configure:15918: gcc -o conftest -g -O2   conftest.c -lm  -ldl  >&5
conftest.c:57: warning: conflicting types for built-in function 'sqrt'
configure:15918: $? = 0
configure:15927: result: yes
configure:15963: checking whether NLS is requested
configure:15972: result: yes
configure:16010: checking for msgfmt
configure:16041: result: /usr/bin/msgfmt
configure:16050: checking for gmsgfmt
configure:16068: found /usr/bin/gmsgfmt
configure:16081: result: /usr/bin/gmsgfmt
configure:16121: checking for xgettext
configure:16152: result: /usr/bin/xgettext
configure:16192: checking for msgmerge
configure:16222: result: /usr/bin/msgmerge
configure:16297: checking for ld used by GCC
configure:16361: result: /usr/i686-pc-linux-gnu/bin/ld
configure:16368: checking if the linker (/usr/i686-pc-linux-gnu/bin/ld) is GNU ld
configure:16381: result: yes
configure:16387: checking for shared library run path origin
configure:16400: result: done
configure:16816: checking whether NLS is requested
configure:16825: result: yes
configure:16843: checking for GNU gettext in libc
configure:16862: gcc -o conftest -g -O2   conftest.c -lm -ldl  >&5
configure:16862: $? = 0
configure:16870: result: yes
configure:17450: checking whether to use NLS
configure:17452: result: yes
configure:17455: checking where the gettext function comes from
configure:17466: result: libc
configure:17550: checking whether to enable thread support
configure:17553: result: yes
configure:17556: checking for thread implementation available
configure:17577: gcc -c -g -O2  conftest.c >&5
configure:17577: $? = 0
configure:17801: result: posix
configure:17838: checking for pthread_create/pthread_join
configure:17877: gcc -o conftest -g -O2   conftest.c  -lm -ldl  >&5
conftest.c: In function 'main':
conftest.c:64: warning: incompatible implicit declaration of built-in function 'exit'
/tmp/cc2ykUAE.o: In function `main':
/storage/code/libvisual/trunk/libvisual/conftest.c:62: undefined reference to `pthread_create'
/storage/code/libvisual/trunk/libvisual/conftest.c:63: undefined reference to `pthread_join'
collect2: ld returned 1 exit status
configure:17877: $? = 1
configure: program exited with status 1
configure: failed program was:
| /* confdefs.h */
| #define PACKAGE_NAME "Libvisual Library"
| #define PACKAGE_TARNAME "libvisual"
| #define PACKAGE_VERSION "0.5.0"
| #define PACKAGE_STRING "Libvisual Library 0.5.0"
| #define PACKAGE_BUGREPORT "synap@nerds-incorporated.org"
| #define PACKAGE_URL ""
| #define PACKAGE "libvisual"
| #define VERSION "0.5.0"
| #define STDC_HEADERS 1
| #define HAVE_SYS_TYPES_H 1
| #define HAVE_SYS_STAT_H 1
| #define HAVE_STDLIB_H 1
| #define HAVE_STRING_H 1
| #define HAVE_MEMORY_H 1
| #define HAVE_STRINGS_H 1
| #define HAVE_INTTYPES_H 1
| #define HAVE_STDINT_H 1
| #define HAVE_UNISTD_H 1
| #define HAVE_DLFCN_H 1
| #define LT_OBJDIR ".libs/"
| #define HAVE_DIRENT_H 1
| #define STDC_HEADERS 1
| #define HAVE_FCNTL_H 1
| #define HAVE_SYS_TYPES_H 1
| #define HAVE_STDLIB_H 1
| #define HAVE_STRING_H 1
| #define HAVE_SYS_TIME_H 1
| #define HAVE_UNISTD_H 1
| #define HAVE_SCHED_H 1
| #define TIME_WITH_SYS_TIME 1
| #define HAVE_STDLIB_H 1
| #define HAVE_MALLOC 1
| #define HAVE_STDLIB_H 1
| #define HAVE_REALLOC 1
| #define HAVE_SYS_SELECT_H 1
| #define HAVE_SYS_SOCKET_H 1
| #define SELECT_TYPE_ARG1 int
| #define SELECT_TYPE_ARG234 (fd_set *)
| #define SELECT_TYPE_ARG5 (struct timeval *)
| #define HAVE_GETTIMEOFDAY 1
| #define HAVE_USLEEP 1
| #define HAVE_NANOSLEEP 1
| #define HAVE_SELECT 1
| #define HAVE_MEMSET 1
| #define HAVE_STRDUP 1
| #define HAVE_STRNDUP 1
| #define HAVE_SYSCONF 1
| #define GETTEXT_PACKAGE "libvisual-0.5"
| #define LOCALEDIR "/usr/share/locale"
| #define ENABLE_NLS 1
| #define HAVE_GETTEXT 1
| #define HAVE_DCGETTEXT 1
| /* end confdefs.h.  */
| 
| #include <pthread.h>
| int check_me = 0;
| void* func(void* data) {check_me = 42; return &check_me;}
| int main()
|  { pthread_t t;
|    void *ret;
|    pthread_create (&t, 0, func, 0);
|    pthread_join (t, &ret);
|    exit (check_me != 42 || ret != &check_me);
| }
configure:17886: result: no
configure:17838: checking for pthread_create/pthread_join in -lpthread
configure:17877: gcc -o conftest -g -O2   conftest.c -lpthread -lm -ldl  >&5
conftest.c: In function 'main':
conftest.c:64: warning: incompatible implicit declaration of built-in function 'exit'
configure:17877: $? = 0
configure:17877: ./conftest
configure:17877: $? = 0
configure:17886: result: yes
configure:17914: checking thread related libraries
configure:17916: result: -lpthread
configure:17938: checking size of short
configure:17943: gcc -o conftest -g -O2   conftest.c -lm -ldl  >&5
configure:17943: $? = 0
configure:17943: ./conftest
configure:17943: $? = 0
configure:17958: result: 2
configure:17972: checking size of int
configure:17977: gcc -o conftest -g -O2   conftest.c -lm -ldl  >&5
configure:17977: $? = 0
configure:17977: ./conftest
configure:17977: $? = 0
configure:17992: result: 4
configure:18006: checking size of long
configure:18011: gcc -o conftest -g -O2   conftest.c -lm -ldl  >&5
configure:18011: $? = 0
configure:18011: ./conftest
configure:18011: $? = 0
configure:18026: result: 4
configure:18040: checking size of size_t
configure:18045: gcc -o conftest -g -O2   conftest.c -lm -ldl  >&5
configure:18045: $? = 0
configure:18045: ./conftest
configure:18045: $? = 0
configure:18060: result: 4
configure:18071: checking for the appropriate definition for size_t
configure:18088: result: unsigned int
configure:18119: checking whether to enable profiling
configure:18131: result: no
configure:18142: checking whether to enable debug
configure:18183: result: no
configure:18195: checking whether to enable extra optimizations
configure:18207: result: no
configure:18223: checking whether to enable fast FP RNG
configure:18235: result: no
configure:18395: creating ./config.status

## ---------------------- ##
## Running config.status. ##
## ---------------------- ##

This file was extended by Libvisual Library config.status 0.5.0, which was
generated by GNU Autoconf 2.65.  Invocation command line was

  CONFIG_FILES    = 
  CONFIG_HEADERS  = 
  CONFIG_LINKS    = 
  CONFIG_COMMANDS = 
  $ ./config.status 

on boogiepalace

config.status:1241: creating m4/Makefile
config.status:1241: creating po/Makefile.in
config.status:1344: WARNING:  'po/Makefile.in.in' seems to ignore the --datarootdir setting
config.status:1241: creating Makefile
config.status:1241: creating libvisual.pc
config.status:1241: creating libvisual/Makefile
config.status:1241: creating config.h
config.status:1407: config.h is unchanged
config.status:1454: executing depfiles commands
config.status:1454: executing libtool commands
config.status:1454: executing default-1 commands
config.status:1454: executing libvisual/lvconfig.h commands
config.status:2738: lvconfig.h is unchanged

## ---------------- ##
## Cache variables. ##
## ---------------- ##

ac_cv_build=i686-pc-linux-gnu
ac_cv_c_bigendian=no
ac_cv_c_compiler_gnu=yes
ac_cv_c_const=yes
ac_cv_c_inline=inline
ac_cv_cxx_compiler_gnu=yes
ac_cv_env_CCC_set=
ac_cv_env_CCC_value=
ac_cv_env_CC_set=
ac_cv_env_CC_value=
ac_cv_env_CFLAGS_set=
ac_cv_env_CFLAGS_value=
ac_cv_env_CPPFLAGS_set=
ac_cv_env_CPPFLAGS_value=
ac_cv_env_CPP_set=
ac_cv_env_CPP_value=
ac_cv_env_CXXCPP_set=
ac_cv_env_CXXCPP_value=
ac_cv_env_CXXFLAGS_set=
ac_cv_env_CXXFLAGS_value=
ac_cv_env_CXX_set=
ac_cv_env_CXX_value=
ac_cv_env_GTHREAD2_CFLAGS_set=
ac_cv_env_GTHREAD2_CFLAGS_value=
ac_cv_env_GTHREAD2_LIBS_set=
ac_cv_env_GTHREAD2_LIBS_value=
ac_cv_env_LDFLAGS_set=
ac_cv_env_LDFLAGS_value=
ac_cv_env_LIBS_set=
ac_cv_env_LIBS_value=
ac_cv_env_PKG_CONFIG_set=
ac_cv_env_PKG_CONFIG_value=
ac_cv_env_build_alias_set=
ac_cv_env_build_alias_value=
ac_cv_env_host_alias_set=
ac_cv_env_host_alias_value=
ac_cv_env_target_alias_set=
ac_cv_env_target_alias_value=
ac_cv_func_dlopen=no
ac_cv_func_gettimeofday=yes
ac_cv_func_malloc_0_nonnull=yes
ac_cv_func_memset=yes
ac_cv_func_nanosleep=yes
ac_cv_func_realloc_0_nonnull=yes
ac_cv_func_select=yes
ac_cv_func_select_args='int,fd_set *,struct timeval *'
ac_cv_func_shl_load=no
ac_cv_func_sqrt=no
ac_cv_func_strdup=yes
ac_cv_func_strndup=yes
ac_cv_func_sysconf=yes
ac_cv_func_usleep=yes
ac_cv_header_dirent_dirent_h=yes
ac_cv_header_dlfcn_h=yes
ac_cv_header_fcntl_h=yes
ac_cv_header_inttypes_h=yes
ac_cv_header_memory_h=yes
ac_cv_header_sched_h=yes
ac_cv_header_stdc=yes
ac_cv_header_stdint_h=yes
ac_cv_header_stdlib_h=yes
ac_cv_header_string_h=yes
ac_cv_header_strings_h=yes
ac_cv_header_sys_sched_h=no
ac_cv_header_sys_select_h=yes
ac_cv_header_sys_socket_h=yes
ac_cv_header_sys_stat_h=yes
ac_cv_header_sys_time_h=yes
ac_cv_header_sys_types_h=yes
ac_cv_header_time=yes
ac_cv_header_unistd_h=yes
ac_cv_host=i686-pc-linux-gnu
ac_cv_lib_dl_dlopen=yes
ac_cv_lib_dl_dlsym=yes
ac_cv_lib_dld_shl_load=no
ac_cv_lib_m_sqrt=yes
ac_cv_objext=o
ac_cv_path_EGREP='/bin/grep -E'
ac_cv_path_FGREP='/bin/grep -F'
ac_cv_path_GMSGFMT=/usr/bin/gmsgfmt
ac_cv_path_GREP=/bin/grep
ac_cv_path_MSGFMT=/usr/bin/msgfmt
ac_cv_path_MSGMERGE=/usr/bin/msgmerge
ac_cv_path_PKG_CONFIG=/usr/bin/pkg-config
ac_cv_path_SED=/bin/sed
ac_cv_path_XGETTEXT=/usr/bin/xgettext
ac_cv_path_install='/usr/bin/install -c'
ac_cv_prog_AWK=gawk
ac_cv_prog_CPP='gcc -E'
ac_cv_prog_CXXCPP='g++ -E'
ac_cv_prog_ac_ct_AR=ar
ac_cv_prog_ac_ct_CC=gcc
ac_cv_prog_ac_ct_CXX=g++
ac_cv_prog_ac_ct_OBJDUMP=objdump
ac_cv_prog_ac_ct_RANLIB=ranlib
ac_cv_prog_ac_ct_STRIP=strip
ac_cv_prog_cc_c89=
ac_cv_prog_cc_g=yes
ac_cv_prog_cxx_g=yes
ac_cv_prog_make_make_set=yes
ac_cv_search_opendir='none required'
ac_cv_sizeof_int=4
ac_cv_sizeof_long=4
ac_cv_sizeof_short=2
ac_cv_sizeof_size_t=4
ac_cv_type_size_t=yes
acl_cv_hardcode_direct=no
acl_cv_hardcode_libdir_flag_spec='${wl}-rpath ${wl}$libdir'
acl_cv_hardcode_libdir_separator=
acl_cv_hardcode_minus_L=no
acl_cv_libext=a
acl_cv_path_LD=/usr/i686-pc-linux-gnu/bin/ld
acl_cv_prog_gnu_ld=yes
acl_cv_rpath=done
acl_cv_shlibext=so
acl_cv_wl=-Wl,
am_cv_CC_dependencies_compiler_type=gcc3
am_cv_CXX_dependencies_compiler_type=gcc3
gt_cv_func_gnugettext1_libc=yes
lt_cv_deplibs_check_method=pass_all
lt_cv_dlopen=dlopen
lt_cv_dlopen_libs=-ldl
lt_cv_dlopen_self=yes
lt_cv_dlopen_self_static=no
lt_cv_file_magic_cmd='$MAGIC_CMD'
lt_cv_file_magic_test_file=
lt_cv_ld_reload_flag=-r
lt_cv_nm_interface='BSD nm'
lt_cv_objdir=.libs
lt_cv_path_LD=/usr/i686-pc-linux-gnu/bin/ld
lt_cv_path_LDCXX=/usr/i686-pc-linux-gnu/bin/ld
lt_cv_path_NM='/usr/bin/nm -B'
lt_cv_prog_compiler_c_o=yes
lt_cv_prog_compiler_c_o_CXX=yes
lt_cv_prog_compiler_pic_works=yes
lt_cv_prog_compiler_pic_works_CXX=yes
lt_cv_prog_compiler_rtti_exceptions=no
lt_cv_prog_compiler_static_works=yes
lt_cv_prog_compiler_static_works_CXX=yes
lt_cv_prog_gnu_ld=yes
lt_cv_prog_gnu_ldcxx=yes
lt_cv_sys_global_symbol_pipe='sed -n -e '\''s/^.*[	 ]\([ABCDGIRSTW][ABCDGIRSTW]*\)[	 ][	 ]*\([_A-Za-z][_A-Za-z0-9]*\)$/\1 \2 \2/p'\'''
lt_cv_sys_global_symbol_to_c_name_address='sed -n -e '\''s/^: \([^ ]*\) $/  {\"\1\", (void *) 0},/p'\'' -e '\''s/^[ABCDGIRSTW]* \([^ ]*\) \([^ ]*\)$/  {"\2", (void *) \&\2},/p'\'''
lt_cv_sys_global_symbol_to_c_name_address_lib_prefix='sed -n -e '\''s/^: \([^ ]*\) $/  {\"\1\", (void *) 0},/p'\'' -e '\''s/^[ABCDGIRSTW]* \([^ ]*\) \(lib[^ ]*\)$/  {"\2", (void *) \&\2},/p'\'' -e '\''s/^[ABCDGIRSTW]* \([^ ]*\) \([^ ]*\)$/  {"lib\2", (void *) \&\2},/p'\'''
lt_cv_sys_global_symbol_to_cdecl='sed -n -e '\''s/^T .* \(.*\)$/extern int \1();/p'\'' -e '\''s/^[ABCDGIRSTW]* .* \(.*\)$/extern char \1;/p'\'''
lt_cv_sys_max_cmd_len=1572864

## ----------------- ##
## Output variables. ##
## ----------------- ##

ACLOCAL='${SHELL} /storage/code/libvisual/trunk/libvisual/missing --run aclocal-1.7'
AMDEPBACKSLASH='\'
AMDEP_FALSE='#'
AMDEP_TRUE=''
AMTAR='${SHELL} /storage/code/libvisual/trunk/libvisual/missing --run tar'
AR='ar'
AS='as'
AUTOCONF='${SHELL} /storage/code/libvisual/trunk/libvisual/missing --run autoconf'
AUTOHEADER='${SHELL} /storage/code/libvisual/trunk/libvisual/missing --run autoheader'
AUTOMAKE='${SHELL} /storage/code/libvisual/trunk/libvisual/missing --run automake-1.7'
AWK='gawk'
CC='gcc'
CCDEPMODE='depmode=gcc3'
CFLAGS='-g -O2  '
CPP='gcc -E'
CPPFLAGS=''
CXX='g++'
CXXCPP='g++ -E'
CXXDEPMODE='depmode=gcc3'
CXXFLAGS='-g -O2'
CYGPATH_W='echo'
DEBUG_CFLAGS=''
DEFS='-DHAVE_CONFIG_H'
DEPDIR='.deps'
DLLTOOL='dlltool'
DSYMUTIL=''
DUMPBIN=''
ECHO_C=''
ECHO_N='-n'
ECHO_T=''
EGREP='/bin/grep -E'
EXEEXT=''
FGREP='/bin/grep -F'
GETTEXT_PACKAGE='libvisual-0.5'
GMSGFMT='/usr/bin/gmsgfmt'
GREP='/bin/grep'
GTHREAD2_CFLAGS=''
GTHREAD2_LIBS=''
INSTALL_DATA='${INSTALL} -m 644'
INSTALL_PROGRAM='${INSTALL}'
INSTALL_SCRIPT='${INSTALL}'
INSTALL_STRIP_PROGRAM='${SHELL} $(install_sh) -c -s'
INTLLIBS=''
LD='/usr/i686-pc-linux-gnu/bin/ld'
LDFLAGS=''
LIBICONV='-liconv'
LIBINTL=''
LIBOBJS=''
LIBS='-lm -ldl '
LIBS_DYNAMIC_LOADER='-ldl'
LIBTOOL='$(SHELL) $(top_builddir)/libtool'
LIBVISUAL_INCLUDE_DIR='${prefix}/include/libvisual-0.5'
LIBVISUAL_PLUGINS_BASE_DIR='${exec_prefix}/lib/libvisual-0.5'
LIBVISUAL_VERSION_SUFFIX='0.5'
LIPO=''
LN_S='ln -s'
LTLIBICONV='-liconv'
LTLIBINTL=''
LTLIBOBJS=''
LV_THREAD_CFLAGS=''
LV_THREAD_LIBS='-lpthread'
MAKEINFO='${SHELL} /storage/code/libvisual/trunk/libvisual/missing --run makeinfo'
MKINSTALLDIRS='$(top_builddir)/./mkinstalldirs'
MSGFMT='/usr/bin/msgfmt'
MSGMERGE='/usr/bin/msgmerge'
NM='/usr/bin/nm -B'
NMEDIT=''
OBJDUMP='objdump'
OBJEXT='o'
OPT_CFLAGS=''
OTOOL64=''
OTOOL=''
PACKAGE='libvisual'
PACKAGE_BUGREPORT='synap@nerds-incorporated.org'
PACKAGE_NAME='Libvisual Library'
PACKAGE_STRING='Libvisual Library 0.5.0'
PACKAGE_TARNAME='libvisual'
PACKAGE_URL=''
PACKAGE_VERSION='0.5.0'
PATH_SEPARATOR=':'
PKG_CONFIG='/usr/bin/pkg-config'
POSUB='po'
RANLIB='ranlib'
SED='/bin/sed'
SET_MAKE=''
SHELL='/bin/sh'
STRIP='strip'
USE_NLS='yes'
VERSION='0.5.0'
VISUAL_CFLAGS=''
VISUAL_LIBS='-lpthread -lm -ldl  -lvisual-0.5'
VISUAL_PKG_CONFIG_DEP=''
XGETTEXT='/usr/bin/xgettext'
ac_ct_CC='gcc'
ac_ct_CXX='g++'
ac_ct_DUMPBIN=''
am__fastdepCC_FALSE='#'
am__fastdepCC_TRUE=''
am__fastdepCXX_FALSE='#'
am__fastdepCXX_TRUE=''
am__include='include'
am__leading_dot='.'
am__quote=''
bindir='${exec_prefix}/bin'
build='i686-pc-linux-gnu'
build_alias=''
build_cpu='i686'
build_os='linux-gnu'
build_vendor='pc'
datadir='${datarootdir}'
datarootdir='${prefix}/share'
docdir='${datarootdir}/doc/${PACKAGE_TARNAME}'
dvidir='${docdir}'
exec_prefix='${prefix}'
host='i686-pc-linux-gnu'
host_alias=''
host_cpu='i686'
host_os='linux-gnu'
host_vendor='pc'
htmldir='${docdir}'
includedir='${prefix}/include'
infodir='${datarootdir}/info'
install_sh='/storage/code/libvisual/trunk/libvisual/install-sh'
libdir='${exec_prefix}/lib'
libexecdir='${exec_prefix}/libexec'
localedir='${datarootdir}/locale'
localstatedir='${prefix}/var'
lt_ECHO='echo'
mandir='${datarootdir}/man'
oldincludedir='/usr/include'
pdfdir='${docdir}'
prefix='/usr'
program_transform_name='s,x,x,'
psdir='${docdir}'
sbindir='${exec_prefix}/sbin'
sharedstatedir='${prefix}/com'
sysconfdir='${prefix}/etc'
target_alias=''

## ----------- ##
## confdefs.h. ##
## ----------- ##

/* confdefs.h */
#define PACKAGE_NAME "Libvisual Library"
#define PACKAGE_TARNAME "libvisual"
#define PACKAGE_VERSION "0.5.0"
#define PACKAGE_STRING "Libvisual Library 0.5.0"
#define PACKAGE_BUGREPORT "synap@nerds-incorporated.org"
#define PACKAGE_URL ""
#define PACKAGE "libvisual"
#define VERSION "0.5.0"
#define STDC_HEADERS 1
#define HAVE_SYS_TYPES_H 1
#define HAVE_SYS_STAT_H 1
#define HAVE_STDLIB_H 1
#define HAVE_STRING_H 1
#define HAVE_MEMORY_H 1
#define HAVE_STRINGS_H 1
#define HAVE_INTTYPES_H 1
#define HAVE_STDINT_H 1
#define HAVE_UNISTD_H 1
#define HAVE_DLFCN_H 1
#define LT_OBJDIR ".libs/"
#define HAVE_DIRENT_H 1
#define STDC_HEADERS 1
#define HAVE_FCNTL_H 1
#define HAVE_SYS_TYPES_H 1
#define HAVE_STDLIB_H 1
#define HAVE_STRING_H 1
#define HAVE_SYS_TIME_H 1
#define HAVE_UNISTD_H 1
#define HAVE_SCHED_H 1
#define TIME_WITH_SYS_TIME 1
#define HAVE_STDLIB_H 1
#define HAVE_MALLOC 1
#define HAVE_STDLIB_H 1
#define HAVE_REALLOC 1
#define HAVE_SYS_SELECT_H 1
#define HAVE_SYS_SOCKET_H 1
#define SELECT_TYPE_ARG1 int
#define SELECT_TYPE_ARG234 (fd_set *)
#define SELECT_TYPE_ARG5 (struct timeval *)
#define HAVE_GETTIMEOFDAY 1
#define HAVE_USLEEP 1
#define HAVE_NANOSLEEP 1
#define HAVE_SELECT 1
#define HAVE_MEMSET 1
#define HAVE_STRDUP 1
#define HAVE_STRNDUP 1
#define HAVE_SYSCONF 1
#define GETTEXT_PACKAGE "libvisual-0.5"
#define LOCALEDIR "/usr/share/locale"
#define ENABLE_NLS 1
#define HAVE_GETTEXT 1
#define HAVE_DCGETTEXT 1
#define SIZEOF_SHORT 2
#define SIZEOF_INT 4
#define SIZEOF_LONG 4
#define SIZEOF_SIZE_T 4

configure: exit 0
